2021-11-24 23:54:13,923  WARN [main] o.s.b.c.c.ConfigDataEnvironment:258 - Property 'spring.profiles' imported from location 'class path resource [bootstrap.yml]' is invalid and should be replaced with 'spring.config.activate.on-profile' [origin: class path resource [bootstrap.yml] - 82:13]
2021-11-24 23:54:13,925  WARN [main] o.s.b.c.c.ConfigDataEnvironment:258 - Property 'spring.profiles' imported from location 'class path resource [bootstrap.yml]' is invalid and should be replaced with 'spring.config.activate.on-profile' [origin: class path resource [bootstrap.yml] - 51:13]
2021-11-24 23:54:14,811  INFO [main] o.s.c.c.c.ConfigServicePropertySourceLocator:226 - Fetching config from server at : http://localhost:8888
2021-11-24 23:54:15,278  WARN [main] o.s.c.c.c.ConfigServicePropertySourceLocator:136 - Could not locate PropertySource: 401 : "{"timestamp":"2021-11-24T22:54:42.958+0000","status":401,"error":"Unauthorized","message":"Unauthorized","path":"/payment-service/default"}"
2021-11-24 23:54:15,289  INFO [main] c.e.p.PaymentServiceApplication:659 - No active profile set, falling back to default profiles: default
2021-11-24 23:54:15,317  WARN [main] o.s.b.c.c.ConfigDataEnvironment:258 - Property 'spring.profiles' imported from location 'class path resource [application.yml]' is invalid and should be replaced with 'spring.config.activate.on-profile' [origin: class path resource [application.yml] - 96:13]
2021-11-24 23:54:15,317  WARN [main] o.s.b.c.c.ConfigDataEnvironment:258 - Property 'spring.profiles' imported from location 'class path resource [application.yml]' is invalid and should be replaced with 'spring.config.activate.on-profile' [origin: class path resource [application.yml] - 40:13]
2021-11-24 23:54:17,047  INFO [main] o.s.d.r.c.RepositoryConfigurationDelegate:132 - Bootstrapping Spring Data JDBC repositories in DEFAULT mode.
2021-11-24 23:54:17,061  INFO [main] o.s.d.r.c.RepositoryConfigurationDelegate:201 - Finished Spring Data repository scanning in 9 ms. Found 0 JDBC repository interfaces.
2021-11-24 23:54:17,459  WARN [main] o.m.s.m.ClassPathMapperScanner:44 - No MyBatis mapper was found in '[com.eventer.paymentservice]' package. Please check your configuration.
2021-11-24 23:54:17,591  INFO [main] o.s.c.c.s.GenericScope:283 - BeanFactory id=ef344001-77b3-3ba9-8b7c-b29230e82bcc
2021-11-24 23:54:17,695  INFO [main] o.s.i.c.DefaultConfiguringBeanFactoryPostProcessor:292 - No bean named 'errorChannel' has been explicitly defined. Therefore, a default PublishSubscribeChannel will be created.
2021-11-24 23:54:17,707  INFO [main] o.s.i.c.DefaultConfiguringBeanFactoryPostProcessor:292 - No bean named 'integrationHeaderChannelRegistry' has been explicitly defined. Therefore, a default DefaultHeaderChannelRegistry will be created.
2021-11-24 23:54:17,849  INFO [main] o.s.c.s.PostProcessorRegistrationDelegate$BeanPostProcessorChecker:376 - Bean 'org.springframework.ws.config.annotation.DelegatingWsConfiguration' of type [org.springframework.ws.config.annotation.DelegatingWsConfiguration$$EnhancerBySpringCGLIB$$7401f9c] is not eligible for getting processed by all BeanPostProcessors (for example: not eligible for auto-proxying)
2021-11-24 23:54:17,888  INFO [main] o.s.w.s.a.s.AnnotationActionEndpointMapping:239 - Supporting [WS-Addressing August 2004, WS-Addressing 1.0]
2021-11-24 23:54:17,992  INFO [main] o.s.c.s.PostProcessorRegistrationDelegate$BeanPostProcessorChecker:376 - Bean 'org.springframework.integration.config.IntegrationManagementConfiguration' of type [org.springframework.integration.config.IntegrationManagementConfiguration] is not eligible for getting processed by all BeanPostProcessors (for example: not eligible for auto-proxying)
2021-11-24 23:54:18,000  INFO [main] o.s.c.s.PostProcessorRegistrationDelegate$BeanPostProcessorChecker:376 - Bean 'integrationChannelResolver' of type [org.springframework.integration.support.channel.BeanFactoryChannelResolver] is not eligible for getting processed by all BeanPostProcessors (for example: not eligible for auto-proxying)
2021-11-24 23:54:18,001  INFO [main] o.s.c.s.PostProcessorRegistrationDelegate$BeanPostProcessorChecker:376 - Bean 'integrationDisposableAutoCreatedBeans' of type [org.springframework.integration.config.annotation.Disposables] is not eligible for getting processed by all BeanPostProcessors (for example: not eligible for auto-proxying)
2021-11-24 23:54:18,256  INFO [main] o.s.b.w.e.t.TomcatWebServer:108 - Tomcat initialized with port(s): 8080 (http)
2021-11-24 23:54:18,271  INFO [main] o.a.c.c.StandardService:173 - Starting service [Tomcat]
2021-11-24 23:54:18,271  INFO [main] o.a.c.c.StandardEngine:173 - Starting Servlet engine: [Apache Tomcat/9.0.54]
2021-11-24 23:54:18,409  INFO [main] o.a.c.c.C.[.[.[/payment-service]:173 - Initializing Spring embedded WebApplicationContext
2021-11-24 23:54:18,409  INFO [main] o.s.b.w.s.c.ServletWebServerApplicationContext:290 - Root WebApplicationContext: initialization completed in 3092 ms
2021-11-24 23:54:19,240  WARN [main] o.s.b.w.s.c.AnnotationConfigServletWebServerApplicationContext:591 - Exception encountered during context initialization - cancelling refresh attempt: org.springframework.beans.factory.UnsatisfiedDependencyException: Error creating bean with name 'incomingMessageProcessor': Unsatisfied dependency expressed through field 'messageHandlers'; nested exception is org.springframework.beans.factory.NoSuchBeanDefinitionException: No qualifying bean of type 'java.util.List<com.eventer.paymentservice.amqp.puric.AbstractMessageHandler>' available: expected at least 1 bean which qualifies as autowire candidate. Dependency annotations: {@org.springframework.beans.factory.annotation.Autowired(required=true)}
2021-11-24 23:54:19,244  INFO [main] o.a.c.c.StandardService:173 - Stopping service [Tomcat]
2021-11-24 23:54:19,383  INFO [main] o.s.b.a.l.ConditionEvaluationReportLoggingListener:136 - 

Error starting ApplicationContext. To display the conditions report re-run your application with 'debug' enabled.
2021-11-24 23:54:19,404 ERROR [main] o.s.b.d.LoggingFailureAnalysisReporter:40 - 

***************************
APPLICATION FAILED TO START
***************************

Description:

Field messageHandlers in com.eventer.paymentservice.amqp.puric.IncomingMessageProcessor required a bean of type 'java.util.List' that could not be found.

The injection point has the following annotations:
	- @org.springframework.beans.factory.annotation.Autowired(required=true)


Action:

Consider defining a bean of type 'java.util.List' in your configuration.

2021-11-24 23:54:57,664  WARN [main] o.s.b.c.c.ConfigDataEnvironment:258 - Property 'spring.profiles' imported from location 'class path resource [bootstrap.yml]' is invalid and should be replaced with 'spring.config.activate.on-profile' [origin: class path resource [bootstrap.yml] - 82:13]
2021-11-24 23:54:57,666  WARN [main] o.s.b.c.c.ConfigDataEnvironment:258 - Property 'spring.profiles' imported from location 'class path resource [bootstrap.yml]' is invalid and should be replaced with 'spring.config.activate.on-profile' [origin: class path resource [bootstrap.yml] - 51:13]
2021-11-24 23:54:58,239  INFO [main] o.s.c.c.c.ConfigServicePropertySourceLocator:226 - Fetching config from server at : http://localhost:8888
2021-11-24 23:54:58,357  WARN [main] o.s.c.c.c.ConfigServicePropertySourceLocator:136 - Could not locate PropertySource: 401 : "{"timestamp":"2021-11-24T22:55:26.079+0000","status":401,"error":"Unauthorized","message":"Unauthorized","path":"/payment-service/default"}"
2021-11-24 23:54:58,358  INFO [main] c.e.p.PaymentServiceApplication:659 - No active profile set, falling back to default profiles: default
2021-11-24 23:54:58,374  WARN [main] o.s.b.c.c.ConfigDataEnvironment:258 - Property 'spring.profiles' imported from location 'class path resource [application.yml]' is invalid and should be replaced with 'spring.config.activate.on-profile' [origin: class path resource [application.yml] - 96:13]
2021-11-24 23:54:58,374  WARN [main] o.s.b.c.c.ConfigDataEnvironment:258 - Property 'spring.profiles' imported from location 'class path resource [application.yml]' is invalid and should be replaced with 'spring.config.activate.on-profile' [origin: class path resource [application.yml] - 40:13]
2021-11-24 23:54:59,217  INFO [main] o.s.d.r.c.RepositoryConfigurationDelegate:132 - Bootstrapping Spring Data JDBC repositories in DEFAULT mode.
2021-11-24 23:54:59,229  INFO [main] o.s.d.r.c.RepositoryConfigurationDelegate:201 - Finished Spring Data repository scanning in 9 ms. Found 0 JDBC repository interfaces.
2021-11-24 23:54:59,438  WARN [main] o.m.s.m.ClassPathMapperScanner:44 - No MyBatis mapper was found in '[com.eventer.paymentservice]' package. Please check your configuration.
2021-11-24 23:54:59,555  INFO [main] o.s.c.c.s.GenericScope:283 - BeanFactory id=ef344001-77b3-3ba9-8b7c-b29230e82bcc
2021-11-24 23:54:59,613  INFO [main] o.s.i.c.DefaultConfiguringBeanFactoryPostProcessor:292 - No bean named 'errorChannel' has been explicitly defined. Therefore, a default PublishSubscribeChannel will be created.
2021-11-24 23:54:59,623  INFO [main] o.s.i.c.DefaultConfiguringBeanFactoryPostProcessor:292 - No bean named 'integrationHeaderChannelRegistry' has been explicitly defined. Therefore, a default DefaultHeaderChannelRegistry will be created.
2021-11-24 23:54:59,692  INFO [main] o.s.c.s.PostProcessorRegistrationDelegate$BeanPostProcessorChecker:376 - Bean 'org.springframework.ws.config.annotation.DelegatingWsConfiguration' of type [org.springframework.ws.config.annotation.DelegatingWsConfiguration$$EnhancerBySpringCGLIB$$7728d730] is not eligible for getting processed by all BeanPostProcessors (for example: not eligible for auto-proxying)
2021-11-24 23:54:59,721  INFO [main] o.s.w.s.a.s.AnnotationActionEndpointMapping:239 - Supporting [WS-Addressing August 2004, WS-Addressing 1.0]
2021-11-24 23:54:59,780  INFO [main] o.s.c.s.PostProcessorRegistrationDelegate$BeanPostProcessorChecker:376 - Bean 'org.springframework.integration.config.IntegrationManagementConfiguration' of type [org.springframework.integration.config.IntegrationManagementConfiguration] is not eligible for getting processed by all BeanPostProcessors (for example: not eligible for auto-proxying)
2021-11-24 23:54:59,785  INFO [main] o.s.c.s.PostProcessorRegistrationDelegate$BeanPostProcessorChecker:376 - Bean 'integrationChannelResolver' of type [org.springframework.integration.support.channel.BeanFactoryChannelResolver] is not eligible for getting processed by all BeanPostProcessors (for example: not eligible for auto-proxying)
2021-11-24 23:54:59,786  INFO [main] o.s.c.s.PostProcessorRegistrationDelegate$BeanPostProcessorChecker:376 - Bean 'integrationDisposableAutoCreatedBeans' of type [org.springframework.integration.config.annotation.Disposables] is not eligible for getting processed by all BeanPostProcessors (for example: not eligible for auto-proxying)
2021-11-24 23:54:59,998  INFO [main] o.s.b.w.e.t.TomcatWebServer:108 - Tomcat initialized with port(s): 8080 (http)
2021-11-24 23:55:00,006  INFO [main] o.a.c.c.StandardService:173 - Starting service [Tomcat]
2021-11-24 23:55:00,006  INFO [main] o.a.c.c.StandardEngine:173 - Starting Servlet engine: [Apache Tomcat/9.0.54]
2021-11-24 23:55:00,147  INFO [main] o.a.c.c.C.[.[.[/payment-service]:173 - Initializing Spring embedded WebApplicationContext
2021-11-24 23:55:00,147  INFO [main] o.s.b.w.s.c.ServletWebServerApplicationContext:290 - Root WebApplicationContext: initialization completed in 1773 ms
2021-11-24 23:55:00,725  WARN [main] o.s.b.w.s.c.AnnotationConfigServletWebServerApplicationContext:591 - Exception encountered during context initialization - cancelling refresh attempt: org.springframework.beans.factory.UnsatisfiedDependencyException: Error creating bean with name 'incomingMessageProcessor': Unsatisfied dependency expressed through field 'messageHandlers'; nested exception is org.springframework.beans.factory.NoSuchBeanDefinitionException: No qualifying bean of type 'java.util.List<com.eventer.paymentservice.amqp.puric.AbstractMessageHandler>' available: expected at least 1 bean which qualifies as autowire candidate. Dependency annotations: {@org.springframework.beans.factory.annotation.Autowired(required=true)}
2021-11-24 23:55:00,728  INFO [main] o.a.c.c.StandardService:173 - Stopping service [Tomcat]
2021-11-24 23:55:00,777  INFO [main] o.s.b.a.l.ConditionEvaluationReportLoggingListener:136 - 

Error starting ApplicationContext. To display the conditions report re-run your application with 'debug' enabled.
2021-11-24 23:55:00,797 ERROR [main] o.s.b.d.LoggingFailureAnalysisReporter:40 - 

***************************
APPLICATION FAILED TO START
***************************

Description:

Field messageHandlers in com.eventer.paymentservice.amqp.puric.IncomingMessageProcessor required a bean of type 'java.util.List' that could not be found.

The injection point has the following annotations:
	- @org.springframework.beans.factory.annotation.Autowired(required=true)


Action:

Consider defining a bean of type 'java.util.List' in your configuration.

2021-11-24 23:56:02,602  WARN [main] o.s.b.c.c.ConfigDataEnvironment:258 - Property 'spring.profiles' imported from location 'class path resource [bootstrap.yml]' is invalid and should be replaced with 'spring.config.activate.on-profile' [origin: class path resource [bootstrap.yml] - 82:13]
2021-11-24 23:56:02,605  WARN [main] o.s.b.c.c.ConfigDataEnvironment:258 - Property 'spring.profiles' imported from location 'class path resource [bootstrap.yml]' is invalid and should be replaced with 'spring.config.activate.on-profile' [origin: class path resource [bootstrap.yml] - 51:13]
2021-11-24 23:56:03,165  INFO [main] o.s.c.c.c.ConfigServicePropertySourceLocator:226 - Fetching config from server at : http://localhost:8888
2021-11-24 23:56:03,284  WARN [main] o.s.c.c.c.ConfigServicePropertySourceLocator:136 - Could not locate PropertySource: 401 : "{"timestamp":"2021-11-24T22:56:31.009+0000","status":401,"error":"Unauthorized","message":"Unauthorized","path":"/payment-service/default"}"
2021-11-24 23:56:03,285  INFO [main] c.e.p.PaymentServiceApplication:659 - No active profile set, falling back to default profiles: default
2021-11-24 23:56:03,298  WARN [main] o.s.b.c.c.ConfigDataEnvironment:258 - Property 'spring.profiles' imported from location 'class path resource [application.yml]' is invalid and should be replaced with 'spring.config.activate.on-profile' [origin: class path resource [application.yml] - 96:13]
2021-11-24 23:56:03,298  WARN [main] o.s.b.c.c.ConfigDataEnvironment:258 - Property 'spring.profiles' imported from location 'class path resource [application.yml]' is invalid and should be replaced with 'spring.config.activate.on-profile' [origin: class path resource [application.yml] - 40:13]
2021-11-24 23:56:04,138  INFO [main] o.s.d.r.c.RepositoryConfigurationDelegate:132 - Bootstrapping Spring Data JDBC repositories in DEFAULT mode.
2021-11-24 23:56:04,151  INFO [main] o.s.d.r.c.RepositoryConfigurationDelegate:201 - Finished Spring Data repository scanning in 9 ms. Found 0 JDBC repository interfaces.
2021-11-24 23:56:04,366  WARN [main] o.m.s.m.ClassPathMapperScanner:44 - No MyBatis mapper was found in '[com.eventer.paymentservice]' package. Please check your configuration.
2021-11-24 23:56:04,476  INFO [main] o.s.c.c.s.GenericScope:283 - BeanFactory id=ef344001-77b3-3ba9-8b7c-b29230e82bcc
2021-11-24 23:56:04,535  INFO [main] o.s.i.c.DefaultConfiguringBeanFactoryPostProcessor:292 - No bean named 'errorChannel' has been explicitly defined. Therefore, a default PublishSubscribeChannel will be created.
2021-11-24 23:56:04,545  INFO [main] o.s.i.c.DefaultConfiguringBeanFactoryPostProcessor:292 - No bean named 'integrationHeaderChannelRegistry' has been explicitly defined. Therefore, a default DefaultHeaderChannelRegistry will be created.
2021-11-24 23:56:04,618  INFO [main] o.s.c.s.PostProcessorRegistrationDelegate$BeanPostProcessorChecker:376 - Bean 'org.springframework.ws.config.annotation.DelegatingWsConfiguration' of type [org.springframework.ws.config.annotation.DelegatingWsConfiguration$$EnhancerBySpringCGLIB$$1696a13a] is not eligible for getting processed by all BeanPostProcessors (for example: not eligible for auto-proxying)
2021-11-24 23:56:04,644  INFO [main] o.s.w.s.a.s.AnnotationActionEndpointMapping:239 - Supporting [WS-Addressing August 2004, WS-Addressing 1.0]
2021-11-24 23:56:04,703  INFO [main] o.s.c.s.PostProcessorRegistrationDelegate$BeanPostProcessorChecker:376 - Bean 'org.springframework.integration.config.IntegrationManagementConfiguration' of type [org.springframework.integration.config.IntegrationManagementConfiguration] is not eligible for getting processed by all BeanPostProcessors (for example: not eligible for auto-proxying)
2021-11-24 23:56:04,714  INFO [main] o.s.c.s.PostProcessorRegistrationDelegate$BeanPostProcessorChecker:376 - Bean 'integrationChannelResolver' of type [org.springframework.integration.support.channel.BeanFactoryChannelResolver] is not eligible for getting processed by all BeanPostProcessors (for example: not eligible for auto-proxying)
2021-11-24 23:56:04,715  INFO [main] o.s.c.s.PostProcessorRegistrationDelegate$BeanPostProcessorChecker:376 - Bean 'integrationDisposableAutoCreatedBeans' of type [org.springframework.integration.config.annotation.Disposables] is not eligible for getting processed by all BeanPostProcessors (for example: not eligible for auto-proxying)
2021-11-24 23:56:04,915  INFO [main] o.s.b.w.e.t.TomcatWebServer:108 - Tomcat initialized with port(s): 8080 (http)
2021-11-24 23:56:04,921  INFO [main] o.a.c.c.StandardService:173 - Starting service [Tomcat]
2021-11-24 23:56:04,921  INFO [main] o.a.c.c.StandardEngine:173 - Starting Servlet engine: [Apache Tomcat/9.0.54]
2021-11-24 23:56:05,032  INFO [main] o.a.c.c.C.[.[.[/payment-service]:173 - Initializing Spring embedded WebApplicationContext
2021-11-24 23:56:05,033  INFO [main] o.s.b.w.s.c.ServletWebServerApplicationContext:290 - Root WebApplicationContext: initialization completed in 1734 ms
2021-11-24 23:56:05,598  WARN [main] o.s.b.w.s.c.AnnotationConfigServletWebServerApplicationContext:591 - Exception encountered during context initialization - cancelling refresh attempt: org.springframework.beans.factory.UnsatisfiedDependencyException: Error creating bean with name 'incomingMessageProcessor': Unsatisfied dependency expressed through field 'messageHandlers'; nested exception is org.springframework.beans.factory.NoSuchBeanDefinitionException: No qualifying bean of type 'java.util.List<com.eventer.paymentservice.amqp.puric.AbstractMessageHandler>' available: expected at least 1 bean which qualifies as autowire candidate. Dependency annotations: {@org.springframework.beans.factory.annotation.Autowired(required=true)}
2021-11-24 23:56:05,601  INFO [main] o.a.c.c.StandardService:173 - Stopping service [Tomcat]
2021-11-24 23:56:05,649  INFO [main] o.s.b.a.l.ConditionEvaluationReportLoggingListener:136 - 

Error starting ApplicationContext. To display the conditions report re-run your application with 'debug' enabled.
2021-11-24 23:56:05,668 ERROR [main] o.s.b.d.LoggingFailureAnalysisReporter:40 - 

***************************
APPLICATION FAILED TO START
***************************

Description:

Field messageHandlers in com.eventer.paymentservice.amqp.puric.IncomingMessageProcessor required a bean of type 'java.util.List' that could not be found.

The injection point has the following annotations:
	- @org.springframework.beans.factory.annotation.Autowired(required=true)


Action:

Consider defining a bean of type 'java.util.List' in your configuration.

